android/app/build/intermediates/manifest_merge_blame_file/debug/manifest-merger-blame-debug-report.txt
1<?xml version="1.0" encoding="utf-8"?>
2<manifest xmlns:android="http://schemas.android.com/apk/res/android"
3    package="com.example.todo_app"
4    android:versionCode="1"
5    android:versionName="1.0.0" >
6
7    <uses-sdk
8        android:minSdkVersion="23"
9        android:targetSdkVersion="34" />
10    <!--
11         The INTERNET permission is required for development. Specifically,
12         the Flutter tool needs it to communicate with the running application
13         to allow setting breakpoints, to provide hot reload, etc.
14    -->
15    <uses-permission android:name="android.permission.INTERNET" />
15-->src\debug\AndroidManifest.xml:6:5-66
15-->src\debug\AndroidManifest.xml:6:22-64
16    <!--
17     Required to query activities that can process text, see:
18         https://developer.android.com/training/package-visibility and
19         https://developer.android.com/reference/android/content/Intent#ACTION_PROCESS_TEXT.
20
21         In particular, this is used by the Flutter engine in io.flutter.plugin.text.ProcessTextPlugin.
22    -->
23    <queries>
23-->src\main\AndroidManifest.xml:39:5-44:15
24        <intent>
24-->src\main\AndroidManifest.xml:40:9-43:18
25            <action android:name="android.intent.action.PROCESS_TEXT" />
25-->src\main\AndroidManifest.xml:41:13-72
25-->src\main\AndroidManifest.xml:41:21-70
26
27            <data android:mimeType="text/plain" />
27-->src\main\AndroidManifest.xml:42:13-50
27-->src\main\AndroidManifest.xml:42:19-48
28        </intent>
29    </queries> <!-- Although the *SdkVersion is captured in gradle build files, this is required for non gradle builds -->
30    <!-- <uses-sdk android:minSdkVersion="21" /> -->
31    <uses-permission android:name="android.permission.ACCESS_NETWORK_STATE" />
31-->[com.google.firebase:firebase-firestore:25.1.0] AndroidManifest.xml:10:5-79
31-->[com.google.firebase:firebase-firestore:25.1.0] AndroidManifest.xml:10:22-76
32    <uses-permission android:name="android.permission.WAKE_LOCK" />
32-->[com.google.android.gms:play-services-measurement-api:22.1.2] AndroidManifest.xml:24:5-68
32-->[com.google.android.gms:play-services-measurement-api:22.1.2] AndroidManifest.xml:24:22-65
33    <uses-permission android:name="com.google.android.gms.permission.AD_ID" />
33-->[com.google.android.gms:play-services-measurement-api:22.1.2] AndroidManifest.xml:25:5-79
33-->[com.google.android.gms:play-services-measurement-api:22.1.2] AndroidManifest.xml:25:22-76
34    <uses-permission android:name="android.permission.ACCESS_ADSERVICES_ATTRIBUTION" />
34-->[com.google.android.gms:play-services-measurement-api:22.1.2] AndroidManifest.xml:26:5-88
34-->[com.google.android.gms:play-services-measurement-api:22.1.2] AndroidManifest.xml:26:22-85
35    <uses-permission android:name="android.permission.ACCESS_ADSERVICES_AD_ID" />
35-->[com.google.android.gms:play-services-measurement-api:22.1.2] AndroidManifest.xml:27:5-82
35-->[com.google.android.gms:play-services-measurement-api:22.1.2] AndroidManifest.xml:27:22-79
36    <uses-permission android:name="com.google.android.providers.gsf.permission.READ_GSERVICES" />
36-->[com.google.android.recaptcha:recaptcha:18.4.0] AndroidManifest.xml:9:5-98
36-->[com.google.android.recaptcha:recaptcha:18.4.0] AndroidManifest.xml:9:22-95
37    <uses-permission android:name="com.google.android.finsky.permission.BIND_GET_INSTALL_REFERRER_SERVICE" />
37-->[com.google.android.gms:play-services-measurement:22.1.2] AndroidManifest.xml:26:5-110
37-->[com.google.android.gms:play-services-measurement:22.1.2] AndroidManifest.xml:26:22-107
38
39    <permission
39-->[androidx.core:core:1.13.1] AndroidManifest.xml:22:5-24:47
40        android:name="com.example.todo_app.DYNAMIC_RECEIVER_NOT_EXPORTED_PERMISSION"
40-->[androidx.core:core:1.13.1] AndroidManifest.xml:23:9-81
41        android:protectionLevel="signature" />
41-->[androidx.core:core:1.13.1] AndroidManifest.xml:24:9-44
42
43    <uses-permission android:name="com.example.todo_app.DYNAMIC_RECEIVER_NOT_EXPORTED_PERMISSION" />
43-->[androidx.core:core:1.13.1] AndroidManifest.xml:26:5-97
43-->[androidx.core:core:1.13.1] AndroidManifest.xml:26:22-94
44
45    <application
46        android:name="android.app.Application"
47        android:appComponentFactory="androidx.core.app.CoreComponentFactory"
47-->[androidx.core:core:1.13.1] AndroidManifest.xml:28:18-86
48        android:debuggable="true"
49        android:extractNativeLibs="false"
50        android:icon="@mipmap/ic_launcher"
51        android:label="todo_app" >
52        <activity
53            android:name="com.example.todo_app.MainActivity"
54            android:configChanges="orientation|keyboardHidden|keyboard|screenSize|smallestScreenSize|locale|layoutDirection|fontScale|screenLayout|density|uiMode"
55            android:exported="true"
56            android:hardwareAccelerated="true"
57            android:launchMode="singleTop"
58            android:taskAffinity=""
59            android:theme="@style/LaunchTheme"
60            android:windowSoftInputMode="adjustResize" >
61
62            <!--
63                 Specifies an Android theme to apply to this Activity as soon as
64                 the Android process has started. This theme is visible to the user
65                 while the Flutter UI initializes. After that, this theme continues
66                 to determine the Window background behind the Flutter UI.
67            -->
68            <meta-data
69                android:name="io.flutter.embedding.android.NormalTheme"
70                android:resource="@style/NormalTheme" />
71
72            <intent-filter>
73                <action android:name="android.intent.action.MAIN" />
74
75                <category android:name="android.intent.category.LAUNCHER" />
76            </intent-filter>
77        </activity>
78        <!--
79             Don't delete the meta-data below.
80             This is used by the Flutter tool to generate GeneratedPluginRegistrant.java
81        -->
82        <meta-data
83            android:name="flutterEmbedding"
84            android:value="2" />
85
86        <service
86-->[:cloud_firestore] AndroidManifest.xml:10:9-14:19
87            android:name="com.google.firebase.components.ComponentDiscoveryService"
87-->[:cloud_firestore] AndroidManifest.xml:10:18-89
88            android:directBootAware="true"
88-->[com.google.firebase:firebase-common:21.0.0] AndroidManifest.xml:32:13-43
89            android:exported="false" >
89-->[com.google.firebase:firebase-firestore:25.1.0] AndroidManifest.xml:16:13-37
90            <meta-data
90-->[:cloud_firestore] AndroidManifest.xml:11:13-13:85
91                android:name="com.google.firebase.components:io.flutter.plugins.firebase.firestore.FlutterFirebaseFirestoreRegistrar"
91-->[:cloud_firestore] AndroidManifest.xml:12:17-134
92                android:value="com.google.firebase.components.ComponentRegistrar" />
92-->[:cloud_firestore] AndroidManifest.xml:13:17-82
93            <meta-data
93-->[:firebase_core] AndroidManifest.xml:11:13-13:85
94                android:name="com.google.firebase.components:io.flutter.plugins.firebase.core.FlutterFirebaseCoreRegistrar"
94-->[:firebase_core] AndroidManifest.xml:12:17-124
95                android:value="com.google.firebase.components.ComponentRegistrar" />
95-->[:firebase_core] AndroidManifest.xml:13:17-82
96            <meta-data
96-->[com.google.firebase:firebase-firestore:25.1.0] AndroidManifest.xml:17:13-19:85
97                android:name="com.google.firebase.components:com.google.firebase.firestore.FirebaseFirestoreKtxRegistrar"
97-->[com.google.firebase:firebase-firestore:25.1.0] AndroidManifest.xml:18:17-122
98                android:value="com.google.firebase.components.ComponentRegistrar" />
98-->[com.google.firebase:firebase-firestore:25.1.0] AndroidManifest.xml:19:17-82
99            <meta-data
99-->[com.google.firebase:firebase-firestore:25.1.0] AndroidManifest.xml:20:13-22:85
100                android:name="com.google.firebase.components:com.google.firebase.firestore.FirestoreRegistrar"
100-->[com.google.firebase:firebase-firestore:25.1.0] AndroidManifest.xml:21:17-111
101                android:value="com.google.firebase.components.ComponentRegistrar" />
101-->[com.google.firebase:firebase-firestore:25.1.0] AndroidManifest.xml:22:17-82
102            <meta-data
102-->[com.google.android.gms:play-services-measurement-api:22.1.2] AndroidManifest.xml:37:13-39:85
103                android:name="com.google.firebase.components:com.google.firebase.analytics.connector.internal.AnalyticsConnectorRegistrar"
103-->[com.google.android.gms:play-services-measurement-api:22.1.2] AndroidManifest.xml:38:17-139
104                android:value="com.google.firebase.components.ComponentRegistrar" />
104-->[com.google.android.gms:play-services-measurement-api:22.1.2] AndroidManifest.xml:39:17-82
105            <meta-data
105-->[com.google.firebase:firebase-installations:18.0.0] AndroidManifest.xml:15:13-17:85
106                android:name="com.google.firebase.components:com.google.firebase.installations.FirebaseInstallationsKtxRegistrar"
106-->[com.google.firebase:firebase-installations:18.0.0] AndroidManifest.xml:16:17-130
107                android:value="com.google.firebase.components.ComponentRegistrar" />
107-->[com.google.firebase:firebase-installations:18.0.0] AndroidManifest.xml:17:17-82
108            <meta-data
108-->[com.google.firebase:firebase-installations:18.0.0] AndroidManifest.xml:18:13-20:85
109                android:name="com.google.firebase.components:com.google.firebase.installations.FirebaseInstallationsRegistrar"
109-->[com.google.firebase:firebase-installations:18.0.0] AndroidManifest.xml:19:17-127
110                android:value="com.google.firebase.components.ComponentRegistrar" />
110-->[com.google.firebase:firebase-installations:18.0.0] AndroidManifest.xml:20:17-82
111            <meta-data
111-->[com.google.firebase:firebase-common-ktx:21.0.0] AndroidManifest.xml:12:13-14:85
112                android:name="com.google.firebase.components:com.google.firebase.ktx.FirebaseCommonLegacyRegistrar"
112-->[com.google.firebase:firebase-common-ktx:21.0.0] AndroidManifest.xml:13:17-116
113                android:value="com.google.firebase.components.ComponentRegistrar" />
113-->[com.google.firebase:firebase-common-ktx:21.0.0] AndroidManifest.xml:14:17-82
114            <meta-data
114-->[com.google.firebase:firebase-auth:23.0.0] AndroidManifest.xml:69:13-71:85
115                android:name="com.google.firebase.components:com.google.firebase.auth.FirebaseAuthRegistrar"
115-->[com.google.firebase:firebase-auth:23.0.0] AndroidManifest.xml:70:17-109
116                android:value="com.google.firebase.components.ComponentRegistrar" />
116-->[com.google.firebase:firebase-auth:23.0.0] AndroidManifest.xml:71:17-82
117            <meta-data
117-->[com.google.firebase:firebase-common:21.0.0] AndroidManifest.xml:35:13-37:85
118                android:name="com.google.firebase.components:com.google.firebase.FirebaseCommonKtxRegistrar"
118-->[com.google.firebase:firebase-common:21.0.0] AndroidManifest.xml:36:17-109
119                android:value="com.google.firebase.components.ComponentRegistrar" />
119-->[com.google.firebase:firebase-common:21.0.0] AndroidManifest.xml:37:17-82
120        </service>
121
122        <property
122-->[com.google.android.gms:play-services-measurement-api:22.1.2] AndroidManifest.xml:30:9-32:61
123            android:name="android.adservices.AD_SERVICES_CONFIG"
123-->[com.google.android.gms:play-services-measurement-api:22.1.2] AndroidManifest.xml:31:13-65
124            android:resource="@xml/ga_ad_services_config" />
124-->[com.google.android.gms:play-services-measurement-api:22.1.2] AndroidManifest.xml:32:13-58
125
126        <activity
126-->[com.google.firebase:firebase-auth:23.0.0] AndroidManifest.xml:29:9-46:20
127            android:name="com.google.firebase.auth.internal.GenericIdpActivity"
127-->[com.google.firebase:firebase-auth:23.0.0] AndroidManifest.xml:30:13-80
128            android:excludeFromRecents="true"
128-->[com.google.firebase:firebase-auth:23.0.0] AndroidManifest.xml:31:13-46
129            android:exported="true"
129-->[com.google.firebase:firebase-auth:23.0.0] AndroidManifest.xml:32:13-36
130            android:launchMode="singleTask"
130-->[com.google.firebase:firebase-auth:23.0.0] AndroidManifest.xml:33:13-44
131            android:theme="@android:style/Theme.Translucent.NoTitleBar" >
131-->[com.google.firebase:firebase-auth:23.0.0] AndroidManifest.xml:34:13-72
132            <intent-filter>
132-->[com.google.firebase:firebase-auth:23.0.0] AndroidManifest.xml:35:13-45:29
133                <action android:name="android.intent.action.VIEW" />
133-->[com.google.firebase:firebase-auth:23.0.0] AndroidManifest.xml:36:17-69
133-->[com.google.firebase:firebase-auth:23.0.0] AndroidManifest.xml:36:25-66
134
135                <category android:name="android.intent.category.DEFAULT" />
135-->[com.google.firebase:firebase-auth:23.0.0] AndroidManifest.xml:38:17-76
135-->[com.google.firebase:firebase-auth:23.0.0] AndroidManifest.xml:38:27-73
136                <category android:name="android.intent.category.BROWSABLE" />
136-->[com.google.firebase:firebase-auth:23.0.0] AndroidManifest.xml:39:17-78
136-->[com.google.firebase:firebase-auth:23.0.0] AndroidManifest.xml:39:27-75
137
138                <data
138-->src\main\AndroidManifest.xml:42:13-50
139                    android:host="firebase.auth"
140                    android:path="/"
141                    android:scheme="genericidp" />
142            </intent-filter>
143        </activity>
144        <activity
144-->[com.google.firebase:firebase-auth:23.0.0] AndroidManifest.xml:47:9-64:20
145            android:name="com.google.firebase.auth.internal.RecaptchaActivity"
145-->[com.google.firebase:firebase-auth:23.0.0] AndroidManifest.xml:48:13-79
146            android:excludeFromRecents="true"
146-->[com.google.firebase:firebase-auth:23.0.0] AndroidManifest.xml:49:13-46
147            android:exported="true"
147-->[com.google.firebase:firebase-auth:23.0.0] AndroidManifest.xml:50:13-36
148            android:launchMode="singleTask"
148-->[com.google.firebase:firebase-auth:23.0.0] AndroidManifest.xml:51:13-44
149            android:theme="@android:style/Theme.Translucent.NoTitleBar" >
149-->[com.google.firebase:firebase-auth:23.0.0] AndroidManifest.xml:52:13-72
150            <intent-filter>
150-->[com.google.firebase:firebase-auth:23.0.0] AndroidManifest.xml:53:13-63:29
151                <action android:name="android.intent.action.VIEW" />
151-->[com.google.firebase:firebase-auth:23.0.0] AndroidManifest.xml:36:17-69
151-->[com.google.firebase:firebase-auth:23.0.0] AndroidManifest.xml:36:25-66
152
153                <category android:name="android.intent.category.DEFAULT" />
153-->[com.google.firebase:firebase-auth:23.0.0] AndroidManifest.xml:38:17-76
153-->[com.google.firebase:firebase-auth:23.0.0] AndroidManifest.xml:38:27-73
154                <category android:name="android.intent.category.BROWSABLE" />
154-->[com.google.firebase:firebase-auth:23.0.0] AndroidManifest.xml:39:17-78
154-->[com.google.firebase:firebase-auth:23.0.0] AndroidManifest.xml:39:27-75
155
156                <data
156-->src\main\AndroidManifest.xml:42:13-50
157                    android:host="firebase.auth"
158                    android:path="/"
159                    android:scheme="recaptcha" />
160            </intent-filter>
161        </activity>
162
163        <service
163-->[androidx.credentials:credentials-play-services-auth:1.2.0-rc01] AndroidManifest.xml:24:9-32:19
164            android:name="androidx.credentials.playservices.CredentialProviderMetadataHolder"
164-->[androidx.credentials:credentials-play-services-auth:1.2.0-rc01] AndroidManifest.xml:25:13-94
165            android:enabled="true"
165-->[androidx.credentials:credentials-play-services-auth:1.2.0-rc01] AndroidManifest.xml:26:13-35
166            android:exported="false" >
166-->[androidx.credentials:credentials-play-services-auth:1.2.0-rc01] AndroidManifest.xml:27:13-37
167            <meta-data
167-->[androidx.credentials:credentials-play-services-auth:1.2.0-rc01] AndroidManifest.xml:29:13-31:104
168                android:name="androidx.credentials.CREDENTIAL_PROVIDER_KEY"
168-->[androidx.credentials:credentials-play-services-auth:1.2.0-rc01] AndroidManifest.xml:30:17-76
169                android:value="androidx.credentials.playservices.CredentialProviderPlayServicesImpl" />
169-->[androidx.credentials:credentials-play-services-auth:1.2.0-rc01] AndroidManifest.xml:31:17-101
170        </service>
171
172        <activity
172-->[androidx.credentials:credentials-play-services-auth:1.2.0-rc01] AndroidManifest.xml:34:9-41:20
173            android:name="androidx.credentials.playservices.HiddenActivity"
173-->[androidx.credentials:credentials-play-services-auth:1.2.0-rc01] AndroidManifest.xml:35:13-76
174            android:configChanges="orientation|screenSize|screenLayout|keyboardHidden"
174-->[androidx.credentials:credentials-play-services-auth:1.2.0-rc01] AndroidManifest.xml:36:13-87
175            android:enabled="true"
175-->[androidx.credentials:credentials-play-services-auth:1.2.0-rc01] AndroidManifest.xml:37:13-35
176            android:exported="false"
176-->[androidx.credentials:credentials-play-services-auth:1.2.0-rc01] AndroidManifest.xml:38:13-37
177            android:fitsSystemWindows="true"
177-->[androidx.credentials:credentials-play-services-auth:1.2.0-rc01] AndroidManifest.xml:39:13-45
178            android:theme="@style/Theme.Hidden" >
178-->[androidx.credentials:credentials-play-services-auth:1.2.0-rc01] AndroidManifest.xml:40:13-48
179        </activity>
180
181        <receiver
181-->[com.google.android.gms:play-services-measurement:22.1.2] AndroidManifest.xml:29:9-33:20
182            android:name="com.google.android.gms.measurement.AppMeasurementReceiver"
182-->[com.google.android.gms:play-services-measurement:22.1.2] AndroidManifest.xml:30:13-85
183            android:enabled="true"
183-->[com.google.android.gms:play-services-measurement:22.1.2] AndroidManifest.xml:31:13-35
184            android:exported="false" >
184-->[com.google.android.gms:play-services-measurement:22.1.2] AndroidManifest.xml:32:13-37
185        </receiver>
186
187        <service
187-->[com.google.android.gms:play-services-measurement:22.1.2] AndroidManifest.xml:35:9-38:40
188            android:name="com.google.android.gms.measurement.AppMeasurementService"
188-->[com.google.android.gms:play-services-measurement:22.1.2] AndroidManifest.xml:36:13-84
189            android:enabled="true"
189-->[com.google.android.gms:play-services-measurement:22.1.2] AndroidManifest.xml:37:13-35
190            android:exported="false" />
190-->[com.google.android.gms:play-services-measurement:22.1.2] AndroidManifest.xml:38:13-37
191        <service
191-->[com.google.android.gms:play-services-measurement:22.1.2] AndroidManifest.xml:39:9-43:72
192            android:name="com.google.android.gms.measurement.AppMeasurementJobService"
192-->[com.google.android.gms:play-services-measurement:22.1.2] AndroidManifest.xml:40:13-87
193            android:enabled="true"
193-->[com.google.android.gms:play-services-measurement:22.1.2] AndroidManifest.xml:41:13-35
194            android:exported="false"
194-->[com.google.android.gms:play-services-measurement:22.1.2] AndroidManifest.xml:42:13-37
195            android:permission="android.permission.BIND_JOB_SERVICE" />
195-->[com.google.android.gms:play-services-measurement:22.1.2] AndroidManifest.xml:43:13-69
196
197        <activity
197-->[com.google.android.gms:play-services-auth:20.7.0] AndroidManifest.xml:23:9-27:75
198            android:name="com.google.android.gms.auth.api.signin.internal.SignInHubActivity"
198-->[com.google.android.gms:play-services-auth:20.7.0] AndroidManifest.xml:24:13-93
199            android:excludeFromRecents="true"
199-->[com.google.android.gms:play-services-auth:20.7.0] AndroidManifest.xml:25:13-46
200            android:exported="false"
200-->[com.google.android.gms:play-services-auth:20.7.0] AndroidManifest.xml:26:13-37
201            android:theme="@android:style/Theme.Translucent.NoTitleBar" />
201-->[com.google.android.gms:play-services-auth:20.7.0] AndroidManifest.xml:27:13-72
202        <!--
203            Service handling Google Sign-In user revocation. For apps that do not integrate with
204            Google Sign-In, this service will never be started.
205        -->
206        <service
206-->[com.google.android.gms:play-services-auth:20.7.0] AndroidManifest.xml:33:9-37:51
207            android:name="com.google.android.gms.auth.api.signin.RevocationBoundService"
207-->[com.google.android.gms:play-services-auth:20.7.0] AndroidManifest.xml:34:13-89
208            android:exported="true"
208-->[com.google.android.gms:play-services-auth:20.7.0] AndroidManifest.xml:35:13-36
209            android:permission="com.google.android.gms.auth.api.signin.permission.REVOCATION_NOTIFICATION"
209-->[com.google.android.gms:play-services-auth:20.7.0] AndroidManifest.xml:36:13-107
210            android:visibleToInstantApps="true" />
210-->[com.google.android.gms:play-services-auth:20.7.0] AndroidManifest.xml:37:13-48
211
212        <provider
212-->[com.google.firebase:firebase-common:21.0.0] AndroidManifest.xml:23:9-28:39
213            android:name="com.google.firebase.provider.FirebaseInitProvider"
213-->[com.google.firebase:firebase-common:21.0.0] AndroidManifest.xml:24:13-77
214            android:authorities="com.example.todo_app.firebaseinitprovider"
214-->[com.google.firebase:firebase-common:21.0.0] AndroidManifest.xml:25:13-72
215            android:directBootAware="true"
215-->[com.google.firebase:firebase-common:21.0.0] AndroidManifest.xml:26:13-43
216            android:exported="false"
216-->[com.google.firebase:firebase-common:21.0.0] AndroidManifest.xml:27:13-37
217            android:initOrder="100" />
217-->[com.google.firebase:firebase-common:21.0.0] AndroidManifest.xml:28:13-36
218
219        <uses-library
219-->[androidx.window:window:1.2.0] AndroidManifest.xml:23:9-25:40
220            android:name="androidx.window.extensions"
220-->[androidx.window:window:1.2.0] AndroidManifest.xml:24:13-54
221            android:required="false" />
221-->[androidx.window:window:1.2.0] AndroidManifest.xml:25:13-37
222        <uses-library
222-->[androidx.window:window:1.2.0] AndroidManifest.xml:26:9-28:40
223            android:name="androidx.window.sidecar"
223-->[androidx.window:window:1.2.0] AndroidManifest.xml:27:13-51
224            android:required="false" />
224-->[androidx.window:window:1.2.0] AndroidManifest.xml:28:13-37
225        <uses-library
225-->[androidx.privacysandbox.ads:ads-adservices:1.0.0-beta05] AndroidManifest.xml:23:9-25:40
226            android:name="android.ext.adservices"
226-->[androidx.privacysandbox.ads:ads-adservices:1.0.0-beta05] AndroidManifest.xml:24:13-50
227            android:required="false" />
227-->[androidx.privacysandbox.ads:ads-adservices:1.0.0-beta05] AndroidManifest.xml:25:13-37
228
229        <activity
229-->[com.google.android.gms:play-services-base:18.5.0] AndroidManifest.xml:5:9-173
230            android:name="com.google.android.gms.common.api.GoogleApiActivity"
230-->[com.google.android.gms:play-services-base:18.5.0] AndroidManifest.xml:5:19-85
231            android:exported="false"
231-->[com.google.android.gms:play-services-base:18.5.0] AndroidManifest.xml:5:146-170
232            android:theme="@android:style/Theme.Translucent.NoTitleBar" />
232-->[com.google.android.gms:play-services-base:18.5.0] AndroidManifest.xml:5:86-145
233
234        <meta-data
234-->[com.google.android.gms:play-services-basement:18.4.0] AndroidManifest.xml:6:9-122
235            android:name="com.google.android.gms.version"
235-->[com.google.android.gms:play-services-basement:18.4.0] AndroidManifest.xml:6:20-65
236            android:value="@integer/google_play_services_version" />
236-->[com.google.android.gms:play-services-basement:18.4.0] AndroidManifest.xml:6:66-119
237
238        <provider
238-->[androidx.lifecycle:lifecycle-process:2.7.0] AndroidManifest.xml:24:9-32:20
239            android:name="androidx.startup.InitializationProvider"
239-->[androidx.lifecycle:lifecycle-process:2.7.0] AndroidManifest.xml:25:13-67
240            android:authorities="com.example.todo_app.androidx-startup"
240-->[androidx.lifecycle:lifecycle-process:2.7.0] AndroidManifest.xml:26:13-68
241            android:exported="false" >
241-->[androidx.lifecycle:lifecycle-process:2.7.0] AndroidManifest.xml:27:13-37
242            <meta-data
242-->[androidx.lifecycle:lifecycle-process:2.7.0] AndroidManifest.xml:29:13-31:52
243                android:name="androidx.lifecycle.ProcessLifecycleInitializer"
243-->[androidx.lifecycle:lifecycle-process:2.7.0] AndroidManifest.xml:30:17-78
244                android:value="androidx.startup" />
244-->[androidx.lifecycle:lifecycle-process:2.7.0] AndroidManifest.xml:31:17-49
245            <meta-data
245-->[androidx.profileinstaller:profileinstaller:1.3.1] AndroidManifest.xml:29:13-31:52
246                android:name="androidx.profileinstaller.ProfileInstallerInitializer"
246-->[androidx.profileinstaller:profileinstaller:1.3.1] AndroidManifest.xml:30:17-85
247                android:value="androidx.startup" />
247-->[androidx.profileinstaller:profileinstaller:1.3.1] AndroidManifest.xml:31:17-49
248        </provider>
249
250        <receiver
250-->[androidx.profileinstaller:profileinstaller:1.3.1] AndroidManifest.xml:34:9-52:20
251            android:name="androidx.profileinstaller.ProfileInstallReceiver"
251-->[androidx.profileinstaller:profileinstaller:1.3.1] AndroidManifest.xml:35:13-76
252            android:directBootAware="false"
252-->[androidx.profileinstaller:profileinstaller:1.3.1] AndroidManifest.xml:36:13-44
253            android:enabled="true"
253-->[androidx.profileinstaller:profileinstaller:1.3.1] AndroidManifest.xml:37:13-35
254            android:exported="true"
254-->[androidx.profileinstaller:profileinstaller:1.3.1] AndroidManifest.xml:38:13-36
255            android:permission="android.permission.DUMP" >
255-->[androidx.profileinstaller:profileinstaller:1.3.1] AndroidManifest.xml:39:13-57
256            <intent-filter>
256-->[androidx.profileinstaller:profileinstaller:1.3.1] AndroidManifest.xml:40:13-42:29
257                <action android:name="androidx.profileinstaller.action.INSTALL_PROFILE" />
257-->[androidx.profileinstaller:profileinstaller:1.3.1] AndroidManifest.xml:41:17-91
257-->[androidx.profileinstaller:profileinstaller:1.3.1] AndroidManifest.xml:41:25-88
258            </intent-filter>
259            <intent-filter>
259-->[androidx.profileinstaller:profileinstaller:1.3.1] AndroidManifest.xml:43:13-45:29
260                <action android:name="androidx.profileinstaller.action.SKIP_FILE" />
260-->[androidx.profileinstaller:profileinstaller:1.3.1] AndroidManifest.xml:44:17-85
260-->[androidx.profileinstaller:profileinstaller:1.3.1] AndroidManifest.xml:44:25-82
261            </intent-filter>
262            <intent-filter>
262-->[androidx.profileinstaller:profileinstaller:1.3.1] AndroidManifest.xml:46:13-48:29
263                <action android:name="androidx.profileinstaller.action.SAVE_PROFILE" />
263-->[androidx.profileinstaller:profileinstaller:1.3.1] AndroidManifest.xml:47:17-88
263-->[androidx.profileinstaller:profileinstaller:1.3.1] AndroidManifest.xml:47:25-85
264            </intent-filter>
265            <intent-filter>
265-->[androidx.profileinstaller:profileinstaller:1.3.1] AndroidManifest.xml:49:13-51:29
266                <action android:name="androidx.profileinstaller.action.BENCHMARK_OPERATION" />
266-->[androidx.profileinstaller:profileinstaller:1.3.1] AndroidManifest.xml:50:17-95
266-->[androidx.profileinstaller:profileinstaller:1.3.1] AndroidManifest.xml:50:25-92
267            </intent-filter>
268        </receiver>
269    </application>
270
271</manifest>